<?xml version="1.0" encoding="UTF-8"?>
<testsuite name="com.oracle.oBootBoard.OBootBoardApplicationTests" tests="1" skipped="0" failures="0" errors="0" timestamp="2024-08-05T01:31:02" hostname="DESKTOP-O54BAF5" time="0.7">
  <properties/>
  <testcase name="contextLoads()" classname="com.oracle.oBootBoard.OBootBoardApplicationTests" time="0.7"/>
  <system-out><![CDATA[10:31:00.550 [Test worker] INFO org.springframework.test.context.support.AnnotationConfigContextLoaderUtils -- Could not detect default configuration classes for test class [com.oracle.oBootBoard.OBootBoardApplicationTests]: OBootBoardApplicationTests does not declare any static, non-private, non-final, nested classes annotated with @Configuration.
10:31:00.630 [Test worker] INFO org.springframework.boot.test.context.SpringBootTestContextBootstrapper -- Found @SpringBootConfiguration com.oracle.oBootBoard.OBootBoardApplication for test class com.oracle.oBootBoard.OBootBoardApplicationTests

  .   ____          _            __ _ _
 /\\ / ___'_ __ _ _(_)_ __  __ _ \ \ \ \
( ( )\___ | '_ | '_| | '_ \/ _` | \ \ \ \
 \\/  ___)| |_)| | | | | || (_| |  ) ) ) )
  '  |____| .__|_| |_|_| |_\__, | / / / /
 =========|_|==============|___/=/_/_/_/

 :: Spring Boot ::                (v3.3.2)

2024-08-05T10:31:01.003+09:00  INFO 3068 --- [    Test worker] c.o.o.OBootBoardApplicationTests         : Starting OBootBoardApplicationTests using Java 17.0.9 with PID 3068 (started by admin in C:\spring\springSrc17\oBootBoard)
2024-08-05T10:31:01.004+09:00  INFO 3068 --- [    Test worker] c.o.o.OBootBoardApplicationTests         : No active profile set, falling back to 1 default profile: "default"
2024-08-05T10:31:02.283+09:00  INFO 3068 --- [    Test worker] c.o.o.OBootBoardApplicationTests         : Started OBootBoardApplicationTests in 1.53 seconds (process running for 2.41)
]]></system-out>
  <system-err><![CDATA[]]></system-err>
</testsuite>
