<?xml version="1.0" encoding="UTF-8"?>
<testsuite name="com.oracle.oBootHello.OBootHelloApplicationTests" tests="1" skipped="0" failures="0" errors="0" timestamp="2024-08-05T00:40:17" hostname="DESKTOP-O54BAF5" time="0.618">
  <properties/>
  <testcase name="contextLoads()" classname="com.oracle.oBootHello.OBootHelloApplicationTests" time="0.618"/>
  <system-out><![CDATA[09:40:15.750 [Test worker] INFO org.springframework.test.context.support.AnnotationConfigContextLoaderUtils -- Could not detect default configuration classes for test class [com.oracle.oBootHello.OBootHelloApplicationTests]: OBootHelloApplicationTests does not declare any static, non-private, non-final, nested classes annotated with @Configuration.
09:40:15.829 [Test worker] INFO org.springframework.boot.test.context.SpringBootTestContextBootstrapper -- Found @SpringBootConfiguration com.oracle.oBootHello.OBootHelloApplication for test class com.oracle.oBootHello.OBootHelloApplicationTests

  .   ____          _            __ _ _
 /\\ / ___'_ __ _ _(_)_ __  __ _ \ \ \ \
( ( )\___ | '_ | '_| | '_ \/ _` | \ \ \ \
 \\/  ___)| |_)| | | | | || (_| |  ) ) ) )
  '  |____| .__|_| |_|_| |_\__, | / / / /
 =========|_|==============|___/=/_/_/_/

 :: Spring Boot ::                (v3.3.2)

2024-08-05T09:40:16.146+09:00  INFO 5664 --- [oBootHello] [    Test worker] c.o.o.OBootHelloApplicationTests         : Starting OBootHelloApplicationTests using Java 17.0.9 with PID 5664 (started by admin in C:\spring\springSrc17\oBootHello)
2024-08-05T09:40:16.147+09:00  INFO 5664 --- [oBootHello] [    Test worker] c.o.o.OBootHelloApplicationTests         : No active profile set, falling back to 1 default profile: "default"
2024-08-05T09:40:16.852+09:00  INFO 5664 --- [oBootHello] [    Test worker] o.s.b.a.w.s.WelcomePageHandlerMapping    : Adding welcome page: class path resource [static/index.html]
2024-08-05T09:40:17.074+09:00  INFO 5664 --- [oBootHello] [    Test worker] c.o.o.OBootHelloApplicationTests         : Started OBootHelloApplicationTests in 1.117 seconds (process running for 2.021)
]]></system-out>
  <system-err><![CDATA[]]></system-err>
</testsuite>
